#
# There is insufficient memory for the Java Runtime Environment to continue.
# Native memory allocation (malloc) failed to allocate 512976 bytes for Chunk::new
# Possible reasons:
#   The system is out of physical RAM or swap space
#   In 32 bit mode, the process size limit was hit
# Possible solutions:
#   Reduce memory load on the system
#   Increase physical memory or swap space
#   Check if swap backing store is full
#   Use 64 bit Java on a 64 bit OS
#   Decrease Java heap size (-Xmx/-Xms)
#   Decrease number of Java threads
#   Decrease Java thread stack sizes (-Xss)
#   Set larger code cache with -XX:ReservedCodeCacheSize=
# This output file may be truncated or incomplete.
#
#  Out of Memory Error (allocation.cpp:390), pid=3108, tid=6676
#
# JRE version: Java(TM) SE Runtime Environment (8.0_77-b03) (build 1.8.0_77-b03)
# Java VM: Java HotSpot(TM) 64-Bit Server VM (25.77-b03 mixed mode windows-amd64 compressed oops)
# Failed to write core dump. Minidumps are not enabled by default on client versions of Windows
#

---------------  T H R E A D  ---------------

Current thread (0x0000000016e6f800):  JavaThread "C2 CompilerThread1" daemon [_thread_in_native, id=6676, stack(0x0000000017720000,0x0000000017820000)]

Stack: [0x0000000017720000,0x0000000017820000]
[error occurred during error reporting (printing stack bounds), id 0xc0000005]

Native frames: (J=compiled Java code, j=interpreted, Vv=VM code, C=native code)


Current CompileTask:
C2:   1700 1072       4       com.android.dx.ssa.LocalVariableExtractor::processBlock (383 bytes)


---------------  P R O C E S S  ---------------

Java Threads: ( => current thread )
  0x000000001704e000 JavaThread "pool-2-thread-4" [_thread_in_Java, id=4336, stack(0x0000000018020000,0x0000000018120000)]
  0x0000000017047000 JavaThread "pool-2-thread-3" [_thread_in_Java, id=3852, stack(0x0000000017f20000,0x0000000018020000)]
  0x0000000017046000 JavaThread "pool-2-thread-2" [_thread_in_Java, id=4712, stack(0x0000000017e20000,0x0000000017f20000)]
  0x0000000017040800 JavaThread "pool-3-thread-1" [_thread_blocked, id=6928, stack(0x0000000017d20000,0x0000000017e20000)]
  0x000000001703f800 JavaThread "pool-2-thread-1" [_thread_in_Java, id=376, stack(0x0000000017c20000,0x0000000017d20000)]
  0x0000000016ef1000 JavaThread "Service Thread" daemon [_thread_blocked, id=7504, stack(0x0000000017a20000,0x0000000017b20000)]
  0x0000000016e74800 JavaThread "C1 CompilerThread3" daemon [_thread_in_native, id=1192, stack(0x0000000017920000,0x0000000017a20000)]
  0x0000000016e71800 JavaThread "C2 CompilerThread2" daemon [_thread_in_native, id=4240, stack(0x0000000017820000,0x0000000017920000)]
=>0x0000000016e6f800 JavaThread "C2 CompilerThread1" daemon [_thread_in_native, id=6676, stack(0x0000000017720000,0x0000000017820000)]
  0x0000000016e68000 JavaThread "C2 CompilerThread0" daemon [_thread_in_native, id=5608, stack(0x0000000017620000,0x0000000017720000)]
  0x0000000016e67000 JavaThread "Attach Listener" daemon [_thread_blocked, id=5252, stack(0x0000000017520000,0x0000000017620000)]
  0x0000000016e66000 JavaThread "Signal Dispatcher" daemon [_thread_blocked, id=4304, stack(0x0000000017420000,0x0000000017520000)]
  0x0000000002439000 JavaThread "Finalizer" daemon [_thread_blocked, id=7304, stack(0x0000000017240000,0x0000000017340000)]
  0x0000000002436000 JavaThread "Reference Handler" daemon [_thread_blocked, id=7004, stack(0x0000000016d40000,0x0000000016e40000)]
  0x0000000002340800 JavaThread "main" [_thread_in_Java, id=1536, stack(0x0000000002240000,0x0000000002340000)]

Other Threads:
  0x0000000014f58800 VMThread [stack: 0x0000000016c40000,0x0000000016d40000] [id=5100]
  0x0000000016ee2800 WatcherThread [stack: 0x0000000017b20000,0x0000000017c20000] [id=5316]

VM state:not at safepoint (normal execution)

VM Mutex/Monitor currently owned by a thread: None

Heap:
 PSYoungGen      total 38400K, used 15285K [0x00000000eab00000, 0x00000000ed580000, 0x0000000100000000)
  eden space 33280K, 30% used [0x00000000eab00000,0x00000000eb4f2bd8,0x00000000ecb80000)
  from space 5120K, 99% used [0x00000000ecb80000,0x00000000ed07aab8,0x00000000ed080000)
  to   space 5120K, 0% used [0x00000000ed080000,0x00000000ed080000,0x00000000ed580000)
 ParOldGen       total 87552K, used 2104K [0x00000000c0000000, 0x00000000c5580000, 0x00000000eab00000)
  object space 87552K, 2% used [0x00000000c0000000,0x00000000c020e2a0,0x00000000c5580000)
 Metaspace       used 5934K, capacity 6834K, committed 7040K, reserved 1056768K
  class space    used 598K, capacity 618K, committed 640K, reserved 1048576K

Card table byte_map: [0x0000000011800000,0x0000000011a10000] byte_map_base: 0x0000000011200000

Marking Bits: (ParMarkBitMap*) 0x000000006baf0600
 Begin Bits: [0x0000000012370000, 0x0000000013370000)
 End Bits:   [0x0000000013370000, 0x0000000014370000)

Polling page: 0x0000000000580000

CodeCache: size=245760Kb used=4621Kb max_used=4626Kb free=241138Kb
 bounds [0x0000000002440000, 0x00000000028d0000, 0x0000000011440000]
 total_blobs=1452 nmethods=1183 adapters=182
 compilation: enabled

Compilation events (10 events):
Event: 1.688 Thread 0x0000000016e74800 nmethod 1175 0x00000000028b3b10 code [0x00000000028b3c60, 0x00000000028b3e10]
Event: 1.688 Thread 0x0000000016e74800 1189       1       com.android.dx.cf.code.Ropper$ExceptionHandlerSetup::getCaughtType (5 bytes)
Event: 1.688 Thread 0x0000000016e74800 nmethod 1189 0x00000000028b3e90 code [0x00000000028b3fe0, 0x00000000028b40f0]
Event: 1.688 Thread 0x0000000016e74800 1180       1       com.android.dx.cf.code.BaseMachine::getPrototype (5 bytes)
Event: 1.688 Thread 0x0000000016e74800 nmethod 1180 0x00000000028b4150 code [0x00000000028b42a0, 0x00000000028b43b0]
Event: 1.688 Thread 0x0000000016e74800 1178       1       com.android.dx.cf.attrib.AttSourceFile::getSourceFile (5 bytes)
Event: 1.688 Thread 0x0000000016e74800 nmethod 1178 0x00000000028b4410 code [0x00000000028b4560, 0x00000000028b4670]
Event: 1.689 Thread 0x0000000016e74800 1192       3       com.android.dx.ssa.DomFront::buildDomTree (72 bytes)
Event: 1.690 Thread 0x0000000016e74800 nmethod 1192 0x00000000028b46d0 code [0x00000000028b4940, 0x00000000028b57c8]
Event: 1.690 Thread 0x0000000016e74800 1193       3       com.android.dx.ssa.back.IdenticalBlockCombiner::process (323 bytes)

GC Heap History (2 events):
Event: 1.561 GC heap before
{Heap before GC invocations=1 (full 0):
 PSYoungGen      total 38400K, used 33280K [0x00000000eab00000, 0x00000000ed580000, 0x0000000100000000)
  eden space 33280K, 100% used [0x00000000eab00000,0x00000000ecb80000,0x00000000ecb80000)
  from space 5120K, 0% used [0x00000000ed080000,0x00000000ed080000,0x00000000ed580000)
  to   space 5120K, 0% used [0x00000000ecb80000,0x00000000ecb80000,0x00000000ed080000)
 ParOldGen       total 87552K, used 0K [0x00000000c0000000, 0x00000000c5580000, 0x00000000eab00000)
  object space 87552K, 0% used [0x00000000c0000000,0x00000000c0000000,0x00000000c5580000)
 Metaspace       used 5878K, capacity 6834K, committed 7040K, reserved 1056768K
  class space    used 598K, capacity 618K, committed 640K, reserved 1048576K
Event: 1.584 GC heap after
Heap after GC invocations=1 (full 0):
 PSYoungGen      total 38400K, used 5098K [0x00000000eab00000, 0x00000000ed580000, 0x0000000100000000)
  eden space 33280K, 0% used [0x00000000eab00000,0x00000000eab00000,0x00000000ecb80000)
  from space 5120K, 99% used [0x00000000ecb80000,0x00000000ed07aab8,0x00000000ed080000)
  to   space 5120K, 0% used [0x00000000ed080000,0x00000000ed080000,0x00000000ed580000)
 ParOldGen       total 87552K, used 2104K [0x00000000c0000000, 0x00000000c5580000, 0x00000000eab00000)
  object space 87552K, 2% used [0x00000000c0000000,0x00000000c020e2a0,0x00000000c5580000)
 Metaspace       used 5878K, capacity 6834K, committed 7040K, reserved 1056768K
  class space    used 598K, capacity 618K, committed 640K, reserved 1048576K
}

Deoptimization events (5 events):
Event: 1.294 Thread 0x0000000002340800 Uncommon trap: reason=null_check action=make_not_entrant pc=0x0000000002731b54 method=com.android.dx.ssa.SsaRenamer.getLocalForNewReg(I)Lcom/android/dx/rop/code/LocalItem; @ 19
Event: 1.307 Thread 0x000000001704e000 Uncommon trap: reason=unstable_if action=reinterpret pc=0x0000000002786c14 method=com.android.dx.ssa.SsaRenamer$BlockRenamer.addMapping(ILcom/android/dx/rop/code/RegisterSpec;)V @ 120
Event: 1.308 Thread 0x000000001703f800 Uncommon trap: reason=null_check action=make_not_entrant pc=0x000000000272c120 method=com.android.dx.rop.type.Type.equals(Ljava/lang/Object;)Z @ 8
Event: 1.377 Thread 0x0000000017046000 Uncommon trap: reason=unstable_if action=reinterpret pc=0x00000000027e72ec method=com.android.dx.util.IntList.sort()V @ 8
Event: 1.388 Thread 0x000000001703f800 Uncommon trap: reason=bimorphic action=maybe_recompile pc=0x0000000002669804 method=java.util.HashMap.getNode(ILjava/lang/Object;)Ljava/util/HashMap$Node; @ 126

Internal exceptions (4 events):
Event: 0.082 Thread 0x0000000002340800 Exception <a 'java/lang/NoSuchMethodError': Method sun.misc.Unsafe.defineClass(Ljava/lang/String;[BII)Ljava/lang/Class; name or signature does not match> (0x00000000eab07cc0) thrown at [D:\re\workspace\8-2-build-windows-amd64-cygwin\jdk8u77\6540\hotspot\srÉ *êµ?
Event: 0.082 Thread 0x0000000002340800 Exception <a 'java/lang/NoSuchMethodError': Method sun.misc.Unsafe.prefetchRead(Ljava/lang/Object;J)V name or signature does not match> (0x00000000eab07fa8) thrown at [D:\re\workspace\8-2-build-windows-amd64-cygwin\jdk8u77\6540\hotspot\src\share\vm\prims\jœ«»i¥Ù?
Event: 1.294 Thread 0x0000000002340800 Implicit null exception at 0x000000000272ff07 to 0x0000000002731b09
Event: 1.308 Thread 0x000000001703f800 Implicit null exception at 0x000000000272c022 to 0x000000000272c112

Events (10 events):
Event: 1.378 loading class java/util/DualPivotQuicksort done
Event: 1.388 Thread 0x000000001703f800 Uncommon trap: trap_request=0xffffffc6 fr.pc=0x0000000002669804
Event: 1.388 Thread 0x000000001703f800 DEOPT PACKING pc=0x0000000002669804 sp=0x0000000017d1e970
Event: 1.388 Thread 0x000000001703f800 DEOPT UNPACKING pc=0x000000000248582a sp=0x0000000017d1e898 mode 2
Event: 1.390 loading class com/android/dx/cf/code/SwitchList
Event: 1.390 loading class com/android/dx/cf/code/SwitchList done
Event: 1.529 Executing VM operation: ParallelGCFailedAllocation
Event: 1.584 Executing VM operation: ParallelGCFailedAllocation done
Event: 1.683 Thread 0x000000001704e000 DEOPT PACKING pc=0x00000000027b853a sp=0x000000001811e580
Event: 1.683 Thread 0x000000001704e000 DEOPT UNPACKING pc=0x000000000248787f sp=0x000000001811e2e8 mode 0


Dynamic libraries:
0x00007ff75a2b0000 - 0x00007ff75a2e7000 	D:\Program Files\Java\jdk1.8.0_77\bin\java.exe
0x00007ffb65580000 - 0x00007ffb65741000 	C:\WINDOWS\SYSTEM32\ntdll.dll
0x00007ffb62d80000 - 0x00007ffb62e2d000 	C:\WINDOWS\system32\KERNEL32.DLL
0x00007ffb62510000 - 0x00007ffb626f8000 	C:\WINDOWS\system32\KERNELBASE.dll
0x00007ffb649b0000 - 0x00007ffb64a57000 	C:\WINDOWS\system32\ADVAPI32.dll
0x00007ffb64f50000 - 0x00007ffb64fed000 	C:\WINDOWS\system32\msvcrt.dll
0x00007ffb651d0000 - 0x00007ffb6522b000 	C:\WINDOWS\system32\sechost.dll
0x00007ffb64a60000 - 0x00007ffb64b7c000 	C:\WINDOWS\system32\RPCRT4.dll
0x00007ffb64b80000 - 0x00007ffb64cd6000 	C:\WINDOWS\system32\USER32.dll
0x00007ffb64ff0000 - 0x00007ffb65176000 	C:\WINDOWS\system32\GDI32.dll
0x00007ffb547f0000 - 0x00007ffb54a64000 	C:\WINDOWS\WinSxS\amd64_microsoft.windows.common-controls_6595b64144ccf1df_6.0.10586.0_none_8c15ae12515e1c22\COMCTL32.dll
0x00007ffb62ae0000 - 0x00007ffb62d5d000 	C:\WINDOWS\system32\combase.dll
0x00007ffb61c30000 - 0x00007ffb61c9a000 	C:\WINDOWS\system32\bcryptPrimitives.dll
0x00007ffb65190000 - 0x00007ffb651cb000 	C:\WINDOWS\system32\IMM32.DLL
0x000000006aaf0000 - 0x000000006abc2000 	D:\Program Files\Java\jdk1.8.0_77\jre\bin\msvcr100.dll
0x000000006b2e0000 - 0x000000006bb70000 	D:\Program Files\Java\jdk1.8.0_77\jre\bin\server\jvm.dll
0x00007ffb62ea0000 - 0x00007ffb62ea8000 	C:\WINDOWS\system32\PSAPI.DLL
0x00007ffb579f0000 - 0x00007ffb579f9000 	C:\WINDOWS\SYSTEM32\WSOCK32.dll
0x00007ffb62e30000 - 0x00007ffb62e9b000 	C:\WINDOWS\system32\WS2_32.dll
0x00007ffb5ff10000 - 0x00007ffb5ff33000 	C:\WINDOWS\SYSTEM32\WINMM.dll
0x00007ffb5cf30000 - 0x00007ffb5cf3a000 	C:\WINDOWS\SYSTEM32\VERSION.dll
0x00007ffb5feb0000 - 0x00007ffb5fedc000 	C:\WINDOWS\SYSTEM32\WINMMBASE.dll
0x00007ffb624c0000 - 0x00007ffb62503000 	C:\WINDOWS\system32\cfgmgr32.dll
0x000000006b1f0000 - 0x000000006b1ff000 	D:\Program Files\Java\jdk1.8.0_77\jre\bin\verify.dll
0x000000006b1c0000 - 0x000000006b1e9000 	D:\Program Files\Java\jdk1.8.0_77\jre\bin\java.dll
0x000000006b1a0000 - 0x000000006b1b6000 	D:\Program Files\Java\jdk1.8.0_77\jre\bin\zip.dll
0x00007ffb62eb0000 - 0x00007ffb6440c000 	C:\WINDOWS\system32\SHELL32.dll
0x00007ffb61cc0000 - 0x00007ffb62305000 	C:\WINDOWS\system32\windows.storage.dll
0x00007ffb64950000 - 0x00007ffb649a2000 	C:\WINDOWS\system32\shlwapi.dll
0x00007ffb61c20000 - 0x00007ffb61c2f000 	C:\WINDOWS\system32\kernel.appcore.dll
0x00007ffb62310000 - 0x00007ffb623c5000 	C:\WINDOWS\system32\shcore.dll
0x00007ffb61ba0000 - 0x00007ffb61beb000 	C:\WINDOWS\system32\powrprof.dll
0x00007ffb61c00000 - 0x00007ffb61c14000 	C:\WINDOWS\system32\profapi.dll

VM Arguments:
jvm_args: -Djava.awt.headless=true -Xmx1024M -Dfile.encoding=windows-1252 -Duser.country=US -Duser.language=en -Duser.variant 
java_command: com.android.dx.command.Main --dex --force-jumbo --num-threads=4 --multi-dex --output D:\BACKUP\Projetos\ANDROID\agenda\app\build\intermediates\transforms\dex\debug\folders\1000\10\instant-run_8c7208f5afa3114ae958f637e986ccbe4066509d D:\BACKUP\Projetos\ANDROID\agenda\app\build\intermediates\incremental-runtime-classes\debug\instant-run.jar
java_class_path (initial): D:\Users\Wesley\AppData\Local\Android\sdk\build-tools\24.0.0-preview\lib\dx.jar
Launcher Type: SUN_STANDARD

Environment Variables:
JAVA_HOME=D:\Program Files\Java\jdk1.8.0_77
PATH=C:\ProgramData\Oracle\Java\javapath;D:\Program Files (x86)\Borland\Delphi7\Bin;D:\Program Files (x86)\Borland\Delphi7\Projects\Bpl\;C:\WINDOWS\system32;C:\WINDOWS;C:\WINDOWS\System32\Wbem;C:\WINDOWS\System32\WindowsPowerShell\v1.0\;C:\Program Files (x86)\ATI Technologies\ATI.ACE\Core-Static;D:\Program Files\Java\jdk1.8.0_77\bin;D:\Program Files\Git\bin;D:\xampp\mysql\bin;D:\xampp\php
USERNAME=Wesley
OS=Windows_NT
PROCESSOR_IDENTIFIER=Intel64 Family 6 Model 42 Stepping 7, GenuineIntel



---------------  S Y S T E M  ---------------

OS: Windows 10.0 , 64 bit Build 10586 (10.0.10586.0)

CPU:total 8 (4 cores per cpu, 2 threads per core) family 6 model 42 stepping 7, cmov, cx8, fxsr, mmx, sse, sse2, sse3, ssse3, sse4.1, sse4.2, popcnt, avx, aes, clmul, ht, tsc, tscinvbit

Memory: 4k page, physical 8321388k(1176876k free), swap 8321388k(8836k free)

vm_info: Java HotSpot(TM) 64-Bit Server VM (25.77-b03) for windows-amd64 JRE (1.8.0_77-b03), built on Mar 20 2016 22:01:33 by "java_re" with MS VC++ 10.0 (VS2010)

time: Wed Apr 20 19:39:18 2016
elapsed time: 1 seconds (0d 0h 0m 1s)

